<?xml version="1.0" encoding="UTF-8"?>
<!-- Generated by org.testng.reporters.JUnitReportReporter -->
<testsuite skipped="0" hostname="LAPTOP-V9HPF6Q4" name="parallel.RunnerTest" tests="2" failures="0" timestamp="2020-03-11T22:26:27 IST" time="70.707" errors="0">
  <testcase name="runScenario" time="35.527" classname="parallel.RunnerTest"/>
  <system-out/>
  <testcase name="runScenario" time="35.180" classname="parallel.RunnerTest"/>
  <system-out/>
</testsuite> <!-- parallel.RunnerTest -->
